<?xml version="1.0" encoding="UTF-8"?>
<!DOCTYPE report PUBLIC "-//JACOCO//DTD Report 1.1//EN" "report.dtd">
<report name="demo">
    <sessioninfo id="3d103d9f-29f5-11e9-85cc-0a580a14023b-pod-e9e8d2-888c0e6e" start="1549446986506" dump="1549447003026" />
    <package name="com/example/springboottest">
        <class name="com/example/springboottest/DemoApplication" sourcefilename="DemoApplication.java">
            <method name="&lt;init&gt;" desc="()V" line="7">
                <counter type="INSTRUCTION" missed="0" covered="3" />
                <counter type="LINE" missed="0" covered="1" />
                <counter type="COMPLEXITY" missed="0" covered="1" />
                <counter type="METHOD" missed="0" covered="1" />
            </method>
            <method name="main" desc="([Ljava/lang/String;)V" line="10">
                <counter type="INSTRUCTION" missed="8" covered="0" />
                <counter type="LINE" missed="3" covered="0" />
                <counter type="COMPLEXITY" missed="1" covered="0" />
                <counter type="METHOD" missed="1" covered="0" />
            </method>
            <counter type="INSTRUCTION" missed="8" covered="3" />
            <counter type="LINE" missed="3" covered="1" />
            <counter type="COMPLEXITY" missed="1" covered="1" />
            <counter type="METHOD" missed="1" covered="1" />
            <counter type="CLASS" missed="0" covered="1" />
        </class>
        <sourcefile name="DemoApplication.java">
            <line nr="7" mi="0" ci="3" mb="0" cb="0" />
            <line nr="10" mi="3" ci="0" mb="0" cb="0" />
            <line nr="11" mi="4" ci="0" mb="0" cb="0" />
            <line nr="12" mi="1" ci="0" mb="0" cb="0" />
            <counter type="INSTRUCTION" missed="8" covered="3" />
            <counter type="LINE" missed="3" covered="1" />
            <counter type="COMPLEXITY" missed="1" covered="1" />
            <counter type="METHOD" missed="1" covered="1" />
            <counter type="CLASS" missed="0" covered="1" />
        </sourcefile>
        <counter type="INSTRUCTION" missed="8" covered="3" />
        <counter type="LINE" missed="3" covered="1" />
        <counter type="COMPLEXITY" missed="1" covered="1" />
        <counter type="METHOD" missed="1" covered="1" />
        <counter type="CLASS" missed="0" covered="1" />
    </package>
    <counter type="INSTRUCTION" missed="8" covered="3" />
    <counter type="LINE" missed="3" covered="1" />
    <counter type="COMPLEXITY" missed="1" covered="1" />
    <counter type="METHOD" missed="1" covered="1" />
    <counter type="CLASS" missed="0" covered="1" />
</report>
